<?xml version="1.0" encoding="UTF-8"?>
<!-- Generated by org.testng.reporters.JUnitXMLReporter -->
<testsuite ignored="0" hostname="DESKTOP-3BL6A4A" failures="0" tests="7" name="Default test" time="53.659" errors="0" timestamp="2024-02-15T23:34:09 EET">
  <testcase classname="appium_project.MathematicalCalculations" name="subtractTestCase" time="7.895"/>
  <testcase classname="appium_project.MathematicalCalculations" name="multiplyTestCase" time="4.487"/>
  <testcase classname="appium_project.MathematicalCalculations" name="powerTestCase" time="3.104"/>
  <testcase classname="appium_project.MathematicalCalculations" name="addTestCase" time="4.382"/>
  <testcase classname="appium_project.MathematicalCalculations" name="divideTestCase" time="4.677"/>
  <testcase classname="appium_project.MathematicalCalculations" name="sqrtTestCase" time="3.699"/>
  <testcase classname="appium_project.MathematicalCalculations" name="factorialTestCase" time="3.037"/>
</testsuite> <!-- Default test -->
