<?xml version="1.0" encoding="UTF-8"?>
<!-- Generated by org.testng.reporters.JUnitXMLReporter -->
<testsuite ignored="0" hostname="DESKTOP-3BL6A4A" failures="0" tests="7" name="Default test" time="50.941" errors="0" timestamp="2024-02-16T15:17:51 EET">
  <testcase classname="smokeTest.MathematicalCalculations" name="subtractTestCase" time="7.52"/>
  <testcase classname="smokeTest.MathematicalCalculations" name="multiplyTestCase" time="6.719"/>
  <testcase classname="smokeTest.MathematicalCalculations" name="powerTestCase" time="3.771"/>
  <testcase classname="smokeTest.MathematicalCalculations" name="addTestCase" time="6.689"/>
  <testcase classname="smokeTest.MathematicalCalculations" name="divideTestCase" time="6.503"/>
  <testcase classname="smokeTest.MathematicalCalculations" name="sqrtTestCase" time="3.928"/>
  <testcase classname="smokeTest.MathematicalCalculations" name="factorialTestCase" time="2.985"/>
</testsuite> <!-- Default test -->
