<?xml version="1.0" encoding="UTF-8"?>
<testng-results ignored="0" total="7" passed="7" failed="0" skipped="0">
  <reporter-output>
  </reporter-output>
  <suite started-at="2024-02-15T23:33:15 EET" name="Default suite" finished-at="2024-02-15T23:34:09 EET" duration-ms="53659">
    <groups>
    </groups>
    <test started-at="2024-02-15T23:33:15 EET" name="Default test" finished-at="2024-02-15T23:34:09 EET" duration-ms="53659">
      <class name="appium_project.MathematicalCalculations">
        <test-method is-config="true" signature="setup()[pri:0, instance:appium_project.MathematicalCalculations@799f10e1]" started-at="2024-02-15T23:33:15 EET" name="setup" finished-at="2024-02-15T23:33:37 EET" duration-ms="22201" status="PASS">
          <reporter-output>
          </reporter-output>
        </test-method> <!-- setup -->
        <test-method signature="subtractTestCase()[pri:1, instance:appium_project.MathematicalCalculations@799f10e1]" started-at="2024-02-15T23:33:37 EET" name="subtractTestCase" description="Subtraction of two numbers" finished-at="2024-02-15T23:33:45 EET" duration-ms="7895" status="PASS">
          <reporter-output>
          </reporter-output>
        </test-method> <!-- subtractTestCase -->
        <test-method signature="multiplyTestCase()[pri:2, instance:appium_project.MathematicalCalculations@799f10e1]" started-at="2024-02-15T23:33:45 EET" name="multiplyTestCase" description="Multiplication of two numbers" finished-at="2024-02-15T23:33:50 EET" duration-ms="4487" status="PASS">
          <reporter-output>
          </reporter-output>
        </test-method> <!-- multiplyTestCase -->
        <test-method signature="powerTestCase()[pri:3, instance:appium_project.MathematicalCalculations@799f10e1]" started-at="2024-02-15T23:33:50 EET" name="powerTestCase" description="Power of two numbers" finished-at="2024-02-15T23:33:53 EET" duration-ms="3104" status="PASS">
          <reporter-output>
          </reporter-output>
        </test-method> <!-- powerTestCase -->
        <test-method signature="addTestCase()[pri:4, instance:appium_project.MathematicalCalculations@799f10e1]" started-at="2024-02-15T23:33:53 EET" name="addTestCase" description="Summation of two numbers" finished-at="2024-02-15T23:33:57 EET" duration-ms="4382" status="PASS">
          <reporter-output>
          </reporter-output>
        </test-method> <!-- addTestCase -->
        <test-method signature="divideTestCase()[pri:5, instance:appium_project.MathematicalCalculations@799f10e1]" started-at="2024-02-15T23:33:57 EET" name="divideTestCase" description="Division of two numbers" finished-at="2024-02-15T23:34:02 EET" duration-ms="4677" status="PASS">
          <reporter-output>
          </reporter-output>
        </test-method> <!-- divideTestCase -->
        <test-method signature="sqrtTestCase()[pri:6, instance:appium_project.MathematicalCalculations@799f10e1]" started-at="2024-02-15T23:34:02 EET" name="sqrtTestCase" description="Sqrt of any number" finished-at="2024-02-15T23:34:06 EET" duration-ms="3699" status="PASS">
          <reporter-output>
          </reporter-output>
        </test-method> <!-- sqrtTestCase -->
        <test-method signature="factorialTestCase()[pri:7, instance:appium_project.MathematicalCalculations@799f10e1]" started-at="2024-02-15T23:34:06 EET" name="factorialTestCase" description="Factorial of any number" finished-at="2024-02-15T23:34:09 EET" duration-ms="3037" status="PASS">
          <reporter-output>
          </reporter-output>
        </test-method> <!-- factorialTestCase -->
        <test-method is-config="true" signature="afterTest()[pri:0, instance:appium_project.MathematicalCalculations@799f10e1]" started-at="2024-02-15T23:34:09 EET" name="afterTest" finished-at="2024-02-15T23:34:09 EET" duration-ms="1" status="PASS">
          <reporter-output>
          </reporter-output>
        </test-method> <!-- afterTest -->
      </class> <!-- appium_project.MathematicalCalculations -->
    </test> <!-- Default test -->
  </suite> <!-- Default suite -->
</testng-results>
